{
  "RSpec": {
    "coverage": {
      "/Users/liujunyi/projects/shortener/app/helpers/application_helper.rb": {
        "lines": [
          1,
          null
        ]
      },
      "/Users/liujunyi/projects/shortener/app/helpers/short_urls_helper.rb": {
        "lines": [
          1,
          null
        ]
      },
      "/Users/liujunyi/projects/shortener/app/controllers/application_controller.rb": {
        "lines": [
          1,
          null
        ]
      },
      "/Users/liujunyi/projects/shortener/app/controllers/short_urls_controller.rb": {
        "lines": [
          1,
          1,
          null,
          null,
          1,
          null,
          null
        ]
      },
      "/Users/liujunyi/projects/shortener/app/mailers/application_mailer.rb": {
        "lines": [
          0,
          0,
          0,
          0
        ],
        "branches": {
        }
      },
      "/Users/liujunyi/projects/shortener/app/models/short_url.rb": {
        "lines": [
          0,
          0
        ],
        "branches": {
        }
      },
      "/Users/liujunyi/projects/shortener/app/models/application_record.rb": {
        "lines": [
          0,
          0,
          0
        ],
        "branches": {
        }
      },
      "/Users/liujunyi/projects/shortener/app/jobs/application_job.rb": {
        "lines": [
          0,
          null,
          null,
          null,
          null,
          null,
          0
        ],
        "branches": {
        }
      },
      "/Users/liujunyi/projects/shortener/app/channels/application_cable/connection.rb": {
        "lines": [
          0,
          0,
          0,
          0
        ],
        "branches": {
        }
      },
      "/Users/liujunyi/projects/shortener/app/channels/application_cable/channel.rb": {
        "lines": [
          0,
          0,
          0,
          0
        ],
        "branches": {
        }
      }
    },
    "timestamp": 1611409586
  }
}
